Temperature: 29.83361
Temperature: 29.81525
Temperature: 29.79690
Temperature: 29.79690
Temperature: 29.85197
Temperature: 29.81525
Temperature: 29.70511
Temperature: 29.88869
Temperature: 29.81525
Temperature: 29.83361
Temperature: 29.79690
Temperature: 29.81525
Temperature: 29.83361
Temperature: 29.77854
Temperature: 29.88869
Temperature: 29.85197
Temperature: 29.87033
Temperature: 29.76018
Temperature: 29.83361
Temperature: 29.90704
Temperature: 29.81525
Temperature: 29.85197
Temperature: 29.88869
Temperature: 29.87033
Temperature: 29.85197
Temperature: 29.83361
Temperature: 29.83361
Temperature: 29.94376
Temperature: 29.87033
Temperature: 29.90704
Temperature: 29.98047
Temperature: 29.88869
Temperature: 29.85197
Temperature: 29.90704
Temperature: 29.77854
Temperature: 29.85197
Temperature: 29.85197
Temperature: 29.74182
Temperature: 29.81525
Temperature: 29.76018
Temperature: 29.79690
Temperature: 29.87033
Temperature: 29.81525
Temperature: 29.74182
Temperature: 29.76018
Temperature: 29.81525
Temperature: 29.81525
Temperature: 29.79690
Temperature: 29.76018
Temperature: 29.74182
Temperature: 29.77854
Temperature: 29.77854
Temperature: 29.85197
Temperature: 29.79690
Temperature: 29.76018
Temperature: 29.76018
Temperature: 29.79690
Temperature: 29.79690
Temperature: 29.83361
Temperature: 29.83361
Temperature: 29.76018
Temperature: 29.83361
Temperature: 29.68675
Temperature: 29.81525
Temperature: 29.79690
Temperature: 29.88869
Temperature: 29.83361
Temperature: 29.76018
Temperature: 29.83361
Temperature: 29.81525
Temperature: 29.88869
Temperature: 29.85197
Temperature: 29.87033
Temperature: 29.87033
Temperature: 29.61332
Temperature: 29.79690
Temperature: 29.77854
Temperature: 29.66839
Temperature: 29.74182
Temperature: 29.81525
Temperature: 29.74182
Temperature: 29.79690
Temperature: 29.77854
Temperature: 29.90704
Temperature: 29.81525
Temperature: 29.81525
Temperature: 29.81525
Temperature: 29.98047
Temperature: 29.83361
Temperature: 29.90704
Temperature: 29.87033
Temperature: 30.05391
Temperature: 29.92540
Temperature: 29.90704
Temperature: 29.90704
Temperature: 29.98047
Temperature: 29.83361
Temperature: 29.87033
Temperature: 29.90704
Temperature: 29.85197
Temperature: 29.87033
Temperature: 29.94376
Temperature: 30.01719
Temperature: 29.85197
Temperature: 29.79690
Temperature: 29.90704
Temperature: 29.79690
Temperature: 29.72346
Temperature: 29.87033
Temperature: 29.81525
Temperature: 29.83361
Temperature: 29.83361
Temperature: 29.77854
Temperature: 29.76018
Temperature: 29.65003
Temperature: 29.77854
Temperature: 29.81525
Temperature: 29.70511
Temperature: 29.83361
Temperature: 29.85197
Temperature: 29.77854
Temperature: 29.90704
Temperature: 29.92540
Temperature: 29.81525
Temperature: 29.85197
Temperature: 29.90704
Temperature: 29.88869
Temperature: 29.79690
Temperature: 29.90704
Temperature: 29.94376
Temperature: 29.92540
Temperature: 29.90704
Temperature: 29.87033
Temperature: 29.76018
Temperature: 29.87033
Temperature: 30.03555
Temperature: 29.88869
Temperature: 29.88869
Temperature: 29.87033
Temperature: 29.94376
Temperature: 29.99883
Temperature: 29.90704
Temperature: 29.87033
Temperature: 29.90704
Temperature: 29.88869
Temperature: 29.85197
Temperature: 29.76018
Temperature: 29.92540
Temperature: 29.96212
Temperature: 29.83361
Temperature: 29.83361
Temperature: 29.88869
Temperature: 29.85197
Temperature: 29.81525
Temperature: 29.85197
Temperature: 29.83361
Temperature: 29.79690
Temperature: 29.74182
Temperature: 29.87033
Temperature: 29.87033
Temperature: 29.85197
Temperature: 29.88869
Temperature: 29.81525
Temperature: 29.74182
Temperature: 29.76018
Temperature: 29.90704
Temperature: 29.81525
Temperature: 29.70511
Temperature: 29.76018
Temperature: 29.79690
Temperature: 29.65003
Temperature: 29.68675
Temperature: 29.74182
Temperature: 29.68675
Temperature: 29.65003
Temperature: 29.70511
Temperature: 29.85197
Temperature: 29.66839
Temperature: 29.74182
Temperature: 29.79690
Temperature: 29.74182
Temperature: 29.72346
Temperature: 29.81525
Temperature: 29.77854
Temperature: 29.74182
Temperature: 29.74182
Temperature: 29.70511
Temperature: 29.72346
Temperature: 29.79690
Temperature: 29.83361
Temperature: 29.74182
Temperature: 29.87033
Temperature: 29.81525
Temperature: 29.77854
Temperature: 29.83361
Temperature: 29.87033
Temperature: 29.85197
Temperature: 29.81525
Temperature: 29.83361
Temperature: 29.87033
Temperature: 29.88869
Temperature: 29.85197
Temperature: 29.88869
Temperature: 29.90704
Temperature: 29.88869
Temperature: 29.83361
Temperature: 29.77854
Temperature: 29.85197
Temperature: 29.90704
Temperature: 29.88869
Temperature: 29.83361
Temperature: 29.81525
Temperature: 29.83361
Temperature: 29.81525
Temperature: 29.79690
Temperature: 29.81525
Temperature: 29.74182
Temperature: 29.76018
Temperature: 29.81525
Temperature: 29.90704
Temperature: 29.85197
Temperature: 29.81525
Temperature: 29.81525
Temperature: 29.83361
Temperature: 29.77854
Temperature: 29.83361
Temperature: 29.85197
Temperature: 29.88869
Temperature: 29.81525
Temperature: 29.85197
Temperature: 29.88869
Temperature: 29.81525
Temperature: 29.79690
Temperature: 29.87033
Temperature: 29.90704
Temperature: 29.92540
Temperature: 29.83361
Temperature: 29.88869
Temperature: 29.92540
Temperature: 29.81525
Temperature: 29.87033
Temperature: 29.90704
Temperature: 29.87033
Temperature: 29.94376
Temperature: 29.88869
Temperature: 29.85197
Temperature: 29.79690
Temperature: 29.85197
Temperature: 29.81525
Temperature: 29.77854
Temperature: 29.79690
Temperature: 29.87033
Temperature: 29.87033
Temperature: 29.77854
Temperature: 29.85197
Temperature: 29.87033
Temperature: 29.76018
Temperature: 29.87033
Temperature: 29.83361
Temperature: 29.90704
Temperature: 29.81525
Temperature: 29.83361
Temperature: 29.79690
Temperature: 29.87033
Temperature: 29.90704
Temperature: 29.85197
Temperature: 29.87033
Temperature: 29.87033
Temperature: 29.96212
Temperature: 29.96212
Temperature: 29.90704
Temperature: 29.94376
Temperature: 29.83361
Temperature: 29.88869
Temperature: 29.99883
Temperature: 29.87033
Temperature: 29.85197
Temperature: 29.96212
Temperature: 29.96212
Temperature: 29.87033
Temperature: 29.85197
Temperature: 29.90704
Temperature: 29.87033
Temperature: 29.85197
Temperature: 29.85197
Temperature: 29.94376
Temperature: 29.94376
Temperature: 29.90704
Temperature: 29.88869
Temperature: 29.94376
Temperature: 29.94376
Temperature: 30.01719
Temperature: 29.85197
Temperature: 29.98047
Temperature: 29.92540
Temperature: 29.88869
Temperature: 29.92540
Temperature: 29.94376
Temperature: 29.99883
Temperature: 29.94376
Temperature: 29.94376
Temperature: 29.92540
Temperature: 29.98047
Temperature: 29.94376
Temperature: 29.99883
Temperature: 29.88869
Temperature: 29.94376
Temperature: 29.92540
Temperature: 29.88869
Temperature: 29.92540
Temperature: 29.87033
Temperature: 29.96212
Temperature: 29.77854
Temperature: 29.87033
Temperature: 29.90704
Temperature: 29.81525
Temperature: 29.81525
Temperature: 29.79690
Temperature: 29.81525
Temperature: 29.96212
Temperature: 29.88869
Temperature: 29.90704
Temperature: 29.85197
Temperature: 29.85197
Temperature: 29.88869
Temperature: 29.74182
Temperature: 29.83361
Temperature: 29.85197
Temperature: 29.76018
Temperature: 29.90704
Temperature: 29.90704
Temperature: 29.87033
Temperature: 29.88869
Temperature: 29.92540
Temperature: 29.83361
Temperature: 29.74182
Temperature: 29.77854
Temperature: 29.85197
Temperature: 29.81525
Temperature: 29.85197
Temperature: 29.68675
Temperature: 29.77854
Temperature: 29.76018
Temperature: 29.63168
Temperature: 29.85197
Temperature: 29.81525
Temperature: 29.77854
Temperature: 29.79690
Temperature: 29.90704
Temperature: 29.94376
Temperature: 29.83361
Temperature: 29.83361
Temperature: 29.83361
Temperature: 29.87033
Temperature: 29.83361
Temperature: 29.79690
Temperature: 29.83361
Temperature: 29.94376
Temperature: 29.92540
Temperature: 29.94376
Temperature: 29.94376
Temperature: 29.85197
Temperature: 29.81525
Temperature: 29.87033
Temperature: 29.88869
Temperature: 29.87033
Temperature: 29.90704
Temperature: 29.88869
Temperature: 29.90704
Temperature: 29.77854
Temperature: 29.83361
Temperature: 29.92540
Temperature: 29.87033
Temperature: 29.87033
Temperature: 29.90704
Temperature: 29.81525
Temperature: 29.90704
Temperature: 29.87033
Temperature: 29.87033
Temperature: 29.88869
Temperature: 29.90704
Temperature: 29.90704
Temperature: 29.81525
Temperature: 29.85197
Temperature: 29.88869
Temperature: 29.92540
Temperature: 29.92540
Temperature: 29.85197
Temperature: 29.88869
Temperature: 29.83361
Temperature: 29.85197
Temperature: 29.88869
Temperature: 29.79690
Temperature: 29.87033
Temperature: 29.79690
Temperature: 29.77854
Temperature: 29.85197
Temperature: 29.74182
Temperature: 29.79690
Temperature: 29.76018
Temperature: 29.76018
Temperature: 29.74182
Temperature: 29.76018
Temperature: 29.79690
Temperature: 29.72346
Temperature: 29.76018
Temperature: 29.88869
Temperature: 29.88869
Temperature: 29.79690
Temperature: 29.81525
Temperature: 29.81525
Temperature: 29.74182
Temperature: 29.83361
Temperature: 29.81525
Temperature: 29.76018
Temperature: 29.76018
Temperature: 29.79690
Temperature: 29.83361
Temperature: 29.76018
Temperature: 29.77854
Temperature: 29.74182
Temperature: 29.81525
Temperature: 29.77854
Temperature: 29.79690
Temperature: 29.81525
Temperature: 29.85197
Temperature: 29.79690
Temperature: 29.83361
Temperature: 29.77854
Temperature: 29.76018
Temperature: 29.79690
Temperature: 29.70511
Temperature: 29.81525
Temperature: 29.79690
Temperature: 29.68675
Temperature: 29.76018
Temperature: 29.74182
Temperature: 29.65003
Temperature: 29.66839
Temperature: 29.77854
Temperature: 29.79690
Temperature: 29.72346
Temperature: 29.76018
Temperature: 29.79690
Temperature: 29.85197
Temperature: 29.83361
Temperature: 29.76018
Temperature: 29.70511
Temperature: 29.76018
Temperature: 29.74182
Temperature: 29.68675
Temperature: 29.72346
Temperature: 29.72346
Temperature: 29.68675
Temperature: 29.74182
Temperature: 29.72346
Temperature: 29.68675
Temperature: 29.77854
Temperature: 29.72346
Temperature: 29.76018
Temperature: 29.61332
Temperature: 29.74182
Temperature: 29.72346
Temperature: 29.61332
Temperature: 29.70511
Temperature: 29.68675
Temperature: 29.74182
Temperature: 29.76018
Temperature: 29.68675
Temperature: 29.68675
Temperature: 29.66839
Temperature: 29.72346
Temperature: 29.74182
Temperature: 29.68675
Temperature: 29.85197
Temperature: 29.74182
Temperature: 29.77854
Temperature: 29.83361
Temperature: 29.70511
Temperature: 29.81525
Temperature: 29.83361
Temperature: 29.63168
Temperature: 29.79690
Temperature: 29.88869
Temperature: 29.77854
Temperature: 29.72346
Temperature: 29.74182
Temperature: 29.76018
Temperature: 29.81525
Temperature: 29.74182
Temperature: 29.72346
Temperature: 29.72346
Temperature: 29.68675
Temperature: 29.77854
Temperature: 29.83361
Temperature: 29.76018
Temperature: 29.74182
Temperature: 29.70511
Temperature: 29.87033
Temperature: 29.88869
Temperature: 29.72346
Temperature: 29.85197
Temperature: 29.68675
Temperature: 29.77854
Temperature: 29.76018
Temperature: 29.79690
Temperature: 29.85197
Temperature: 29.76018
Temperature: 29.83361
Temperature: 29.77854
Temperature: 29.83361
Temperature: 29.85197
Temperature: 29.83361
Temperature: 29.81525
Temperature: 29.77854
Temperature: 29.85197
Temperature: 29.87033
Temperature: 29.85197
Temperature: 29.72346
Temperature: 29.76018
Temperature: 29.72346
Temperature: 29.87033
Temperature: 29.88869
Temperature: 29.74182
Temperature: 29.83361
Temperature: 29.85197
Temperature: 29.79690
Temperature: 29.77854
Temperature: 29.87033
Temperature: 29.87033
Temperature: 29.85197
Temperature: 29.92540
Temperature: 29.77854
Temperature: 29.90704
Temperature: 29.92540
Temperature: 29.90704
Temperature: 29.90704
Temperature: 29.81525
Temperature: 29.88869
Temperature: 29.81525
Temperature: 29.83361
Temperature: 29.90704
Temperature: 29.87033
Temperature: 29.88869
Temperature: 29.92540
Temperature: 29.88869
Temperature: 29.90704
Temperature: 29.87033
Temperature: 29.90704
Temperature: 29.98047
Temperature: 29.90704
Temperature: 29.99883
Temperature: 29.92540
Temperature: 29.90704
Temperature: 29.90704
Temperature: 29.94376
Temperature: 29.88869
Temperature: 29.90704
Temperature: 29.96212
Temperature: 29.99883
Temperature: 29.99883
Temperature: 30.03555
Temperature: 29.87033
Temperature: 29.94376
Temperature: 29.94376
Temperature: 29.85197
Temperature: 29.94376
Temperature: 29.94376
Temperature: 29.77854
Temperature: 29.83361
Temperature: 29.87033
Temperature: 29.90704
Temperature: 29.88869
Temperature: 29.92540
Temperature: 29.94376
Temperature: 29.96212
Temperature: 29.87033
Temperature: 29.99883
Temperature: 29.87033
Temperature: 29.88869
Temperature: 29.83361
Temperature: 29.81525
Temperature: 29.81525
Temperature: 29.77854
Temperature: 29.83361
Temperature: 29.85197
Temperature: 29.90704
Temperature: 29.90704
Temperature: 29.72346
Temperature: 29.88869
Temperature: 29.87033
Temperature: 29.96212
Temperature: 29.87033
Temperature: 29.74182
Temperature: 29.90704
Temperature: 29.85197
Temperature: 30.01719
Temperature: 29.81525
Temperature: 29.96212
Temperature: 29.92540
Temperature: 29.79690
Temperature: 29.83361
Temperature: 29.88869
Temperature: 29.90704
Temperature: 29.90704
Temperature: 29.83361
Temperature: 29.90704
Temperature: 29.85197
Temperature: 29.85197
Temperature: 29.83361
Temperature: 29.92540
Temperature: 29.90704
Temperature: 29.88869
Temperature: 29.94376
Temperature: 29.68675
Temperature: 29.83361
Temperature: 29.92540
Temperature: 29.83361
Temperature: 29.77854
Temperature: 29.77854
Temperature: 29.77854
Temperature: 29.87033
Temperature: 29.72346
Temperature: 29.70511
Temperature: 29.77854
Temperature: 29.72346
Temperature: 29.77854
Temperature: 29.79690
Temperature: 29.87033
Temperature: 29.79690
Temperature: 29.65003
Temperature: 29.74182
Temperature: 29.79690
Temperature: 29.77854
Temperature: 29.77854
Temperature: 29.92540
Temperature: 29.81525
Temperature: 29.87033
Temperature: 29.83361
Temperature: 29.77854
Temperature: 29.99883
Temperature: 29.81525
Temperature: 29.85197
Temperature: 29.87033
Temperature: 29.85197
Temperature: 29.87033
Temperature: 29.87033
Temperature: 29.90704
Temperature: 29.77854
Temperature: 29.85197
Temperature: 29.90704
Temperature: 29.83361
Temperature: 29.90704
Temperature: 29.88869
Temperature: 29.90704
Temperature: 29.81525
Temperature: 29.85197
Temperature: 29.88869
Temperature: 29.92540
Temperature: 29.87033
Temperature: 29.81525
Temperature: 29.98047
Temperature: 29.88869
Temperature: 29.96212
Temperature: 29.96212
Temperature: 29.88869
Temperature: 29.90704
Temperature: 29.99883
Temperature: 29.92540
Temperature: 29.90704
Temperature: 29.88869
Temperature: 29.81525
Temperature: 29.94376
Temperature: 29.87033
Temperature: 29.90704
Temperature: 29.83361
Temperature: 29.94376
Temperature: 29.90704
Temperature: 29.81525
Temperature: 29.83361
Temperature: 29.96212
Temperature: 29.96212
Temperature: 29.92540
Temperature: 29.94376
Temperature: 30.05391
Temperature: 29.96212
Temperature: 29.92540
Temperature: 29.94376
Temperature: 29.83361
Temperature: 29.90704
Temperature: 29.90704
Temperature: 29.94376
Temperature: 29.98047
Temperature: 29.96212
Temperature: 29.90704
Temperature: 29.90704
Temperature: 29.90704
Temperature: 29.90704
Temperature: 29.96212
Temperature: 29.90704
Temperature: 29.98047
Temperature: 29.87033
Temperature: 29.88869
Temperature: 29.87033
Temperature: 29.94376
Temperature: 29.90704
Temperature: 29.98047
Temperature: 29.94376
Temperature: 29.72346
Temperature: 29.90704
Temperature: 29.88869
Temperature: 29.87033
Temperature: 29.87033
Temperature: 29.83361
Temperature: 29.85197
Temperature: 29.87033
Temperature: 29.94376
Temperature: 29.83361
Temperature: 29.79690
Temperature: 29.85197
Temperature: 29.83361
Temperature: 29.81525
Temperature: 29.88869
Temperature: 29.83361
Temperature: 29.90704
Temperature: 29.81525
Temperature: 29.92540
Temperature: 29.79690
Temperature: 29.77854
Temperature: 29.94376
Temperature: 29.76018
Temperature: 29.81525
Temperature: 29.83361
Temperature: 29.85197
Temperature: 29.77854
Temperature: 29.77854
Temperature: 29.68675
Temperature: 29.83361
Temperature: 29.76018
Temperature: 29.72346
Temperature: 29.85197
Temperature: 29.74182
Temperature: 29.77854
Temperature: 29.70511
Temperature: 29.83361
Temperature: 29.92540